2018-03-24 01:16:06,075 [Worker-6] INFO  c.g.t.t.d.PublishedGradleVersions - Gradle version information cache is up-to-date. Trying to read.
2018-03-24 01:16:11,628 [Worker-11] INFO  o.e.m.c.i.l.LifecycleMappingFactory - Using org.eclipse.m2e.jdt.JarLifecycleMapping lifecycle mapping for MavenProject: hansung:LBSserver:0.0.1-SNAPSHOT @ /Users/gim-yejin/Desktop/project/LBSserver/LBSserver/pom.xml.
2018-03-24 01:16:13,587 [Worker-11] WARN  o.e.m.c.i.embedder.EclipseLogger - Using platform encoding (UTF-8 actually) to copy filtered resources, i.e. build is platform dependent!
2018-03-24 01:16:13,592 [Worker-11] INFO  o.e.m.c.i.embedder.EclipseLogger - skip non existing resourceDirectory /Users/gim-yejin/Desktop/project/LBSserver/LBSserver/src/main/resources
2018-03-24 01:16:13,600 [Worker-11] WARN  o.e.m.c.i.embedder.EclipseLogger - Using platform encoding (UTF-8 actually) to copy filtered resources, i.e. build is platform dependent!
2018-03-24 01:16:13,604 [Worker-11] INFO  o.e.m.c.i.embedder.EclipseLogger - skip non existing resourceDirectory /Users/gim-yejin/Desktop/project/LBSserver/LBSserver/src/test/resources
2018-03-24 01:16:16,507 [Worker-0] INFO  o.e.m.c.i.l.LifecycleMappingFactory - Using org.eclipse.m2e.jdt.JarLifecycleMapping lifecycle mapping for MavenProject: hansung:LBSserver:0.0.1-SNAPSHOT @ /Users/gim-yejin/Desktop/project/LBSserver/LBSserver/pom.xml.
2018-03-24 01:16:19,807 [Worker-19] WARN  o.e.m.c.i.embedder.EclipseLogger - Using platform encoding (UTF-8 actually) to copy filtered resources, i.e. build is platform dependent!
2018-03-24 01:16:19,843 [Worker-19] INFO  o.e.m.c.i.embedder.EclipseLogger - skip non existing resourceDirectory /Users/gim-yejin/Desktop/project/LBSserver/LBSserver/src/main/resources
2018-03-24 01:16:19,847 [Worker-19] WARN  o.e.m.c.i.embedder.EclipseLogger - Using platform encoding (UTF-8 actually) to copy filtered resources, i.e. build is platform dependent!
2018-03-24 01:16:19,848 [Worker-19] INFO  o.e.m.c.i.embedder.EclipseLogger - skip non existing resourceDirectory /Users/gim-yejin/Desktop/project/LBSserver/LBSserver/src/test/resources
2018-03-24 01:18:24,186 [Worker-22] WARN  o.e.m.c.i.embedder.EclipseLogger - Using platform encoding (UTF-8 actually) to copy filtered resources, i.e. build is platform dependent!
2018-03-24 01:18:24,192 [Worker-22] INFO  o.e.m.c.i.embedder.EclipseLogger - skip non existing resourceDirectory /Users/gim-yejin/Desktop/project/LBSserver/LBSserver/src/main/resources
2018-03-24 01:18:24,194 [Worker-22] WARN  o.e.m.c.i.embedder.EclipseLogger - Using platform encoding (UTF-8 actually) to copy filtered resources, i.e. build is platform dependent!
2018-03-24 01:18:24,195 [Worker-22] INFO  o.e.m.c.i.embedder.EclipseLogger - skip non existing resourceDirectory /Users/gim-yejin/Desktop/project/LBSserver/LBSserver/src/test/resources
2018-03-24 01:24:09,116 [Worker-12] WARN  o.e.m.c.i.embedder.EclipseLogger - Using platform encoding (UTF-8 actually) to copy filtered resources, i.e. build is platform dependent!
2018-03-24 01:24:09,122 [Worker-12] INFO  o.e.m.c.i.embedder.EclipseLogger - skip non existing resourceDirectory /Users/gim-yejin/Desktop/project/LBSserver/LBSserver/src/main/resources
2018-03-24 01:24:09,124 [Worker-12] WARN  o.e.m.c.i.embedder.EclipseLogger - Using platform encoding (UTF-8 actually) to copy filtered resources, i.e. build is platform dependent!
2018-03-24 01:24:09,124 [Worker-12] INFO  o.e.m.c.i.embedder.EclipseLogger - skip non existing resourceDirectory /Users/gim-yejin/Desktop/project/LBSserver/LBSserver/src/test/resources
2018-03-24 01:24:32,052 [Worker-12] WARN  o.e.m.c.i.embedder.EclipseLogger - Using platform encoding (UTF-8 actually) to copy filtered resources, i.e. build is platform dependent!
2018-03-24 01:24:32,052 [Worker-12] INFO  o.e.m.c.i.embedder.EclipseLogger - skip non existing resourceDirectory /Users/gim-yejin/Desktop/project/LBSserver/LBSserver/src/main/resources
2018-03-24 01:24:32,053 [Worker-12] WARN  o.e.m.c.i.embedder.EclipseLogger - Using platform encoding (UTF-8 actually) to copy filtered resources, i.e. build is platform dependent!
2018-03-24 01:24:32,054 [Worker-12] INFO  o.e.m.c.i.embedder.EclipseLogger - skip non existing resourceDirectory /Users/gim-yejin/Desktop/project/LBSserver/LBSserver/src/test/resources
2018-03-30 12:17:30,600 [Worker-4] INFO  c.g.t.t.d.PublishedGradleVersions - Gradle version information cache is up-to-date. Trying to read.
2018-03-30 13:56:10,824 [Worker-28] INFO  o.e.m.c.i.p.ProjectConfigurationManager - Update started
2018-03-30 13:56:12,255 [Worker-28] INFO  o.e.m.c.i.l.LifecycleMappingFactory - Using org.eclipse.m2e.jdt.JarLifecycleMapping lifecycle mapping for MavenProject: hansung:LBSserver:0.0.1-SNAPSHOT @ /Users/gim-yejin/Desktop/project/LBSserver/LBSserver/pom.xml.
2018-03-30 13:56:13,003 [Worker-28] INFO  o.e.m.j.i.AbstractJavaProjectConfigurator - Adding source folder /LBSserver/src
2018-03-30 13:56:13,004 [Worker-28] INFO  o.e.m.j.i.AbstractJavaProjectConfigurator - Not adding source folder /LBSserver/src/test/java because it overlaps with /LBSserver/src
2018-03-30 13:56:13,303 [Worker-28] INFO  o.e.m.c.i.p.ProjectConfigurationManager - Update completed: 2 sec
2018-03-30 13:56:13,905 [Worker-26] WARN  o.e.m.c.i.embedder.EclipseLogger - Using platform encoding (UTF-8 actually) to copy filtered resources, i.e. build is platform dependent!
2018-03-30 13:56:13,907 [Worker-26] INFO  o.e.m.c.i.embedder.EclipseLogger - skip non existing resourceDirectory /Users/gim-yejin/Desktop/project/LBSserver/LBSserver/src/main/resources
2018-03-30 13:56:13,911 [Worker-26] WARN  o.e.m.c.i.embedder.EclipseLogger - Using platform encoding (UTF-8 actually) to copy filtered resources, i.e. build is platform dependent!
2018-03-30 13:56:13,912 [Worker-26] INFO  o.e.m.c.i.embedder.EclipseLogger - skip non existing resourceDirectory /Users/gim-yejin/Desktop/project/LBSserver/LBSserver/src/test/resources
2018-03-30 16:28:58,823 [Worker-28] WARN  o.e.m.c.i.embedder.EclipseLogger - Using platform encoding (UTF-8 actually) to copy filtered resources, i.e. build is platform dependent!
2018-03-30 16:28:58,832 [Worker-28] INFO  o.e.m.c.i.embedder.EclipseLogger - skip non existing resourceDirectory /Users/gim-yejin/Desktop/project/LBSserver/LBSserver/src/main/resources
2018-03-30 16:28:58,834 [Worker-28] WARN  o.e.m.c.i.embedder.EclipseLogger - Using platform encoding (UTF-8 actually) to copy filtered resources, i.e. build is platform dependent!
2018-03-30 16:28:58,835 [Worker-28] INFO  o.e.m.c.i.embedder.EclipseLogger - skip non existing resourceDirectory /Users/gim-yejin/Desktop/project/LBSserver/LBSserver/src/test/resources
2018-03-30 16:29:53,971 [Worker-31] WARN  o.e.m.c.i.embedder.EclipseLogger - Using platform encoding (UTF-8 actually) to copy filtered resources, i.e. build is platform dependent!
2018-03-30 16:29:53,975 [Worker-31] INFO  o.e.m.c.i.embedder.EclipseLogger - skip non existing resourceDirectory /Users/gim-yejin/Desktop/project/LBSserver/LBSserver/src/main/resources
2018-03-30 16:29:53,976 [Worker-31] WARN  o.e.m.c.i.embedder.EclipseLogger - Using platform encoding (UTF-8 actually) to copy filtered resources, i.e. build is platform dependent!
2018-03-30 16:29:53,976 [Worker-31] INFO  o.e.m.c.i.embedder.EclipseLogger - skip non existing resourceDirectory /Users/gim-yejin/Desktop/project/LBSserver/LBSserver/src/test/resources
2018-03-30 16:32:12,792 [Worker-24] WARN  o.e.m.c.i.embedder.EclipseLogger - Using platform encoding (UTF-8 actually) to copy filtered resources, i.e. build is platform dependent!
2018-03-30 16:32:12,799 [Worker-24] INFO  o.e.m.c.i.embedder.EclipseLogger - skip non existing resourceDirectory /Users/gim-yejin/Desktop/project/LBSserver/LBSserver/src/main/resources
2018-03-30 16:32:12,805 [Worker-24] WARN  o.e.m.c.i.embedder.EclipseLogger - Using platform encoding (UTF-8 actually) to copy filtered resources, i.e. build is platform dependent!
2018-03-30 16:32:12,810 [Worker-24] INFO  o.e.m.c.i.embedder.EclipseLogger - skip non existing resourceDirectory /Users/gim-yejin/Desktop/project/LBSserver/LBSserver/src/test/resources
2018-03-30 16:37:01,109 [Worker-26] WARN  o.e.m.c.i.embedder.EclipseLogger - Using platform encoding (UTF-8 actually) to copy filtered resources, i.e. build is platform dependent!
2018-03-30 16:37:01,115 [Worker-26] INFO  o.e.m.c.i.embedder.EclipseLogger - skip non existing resourceDirectory /Users/gim-yejin/Desktop/project/LBSserver/LBSserver/src/main/resources
2018-03-30 16:37:01,116 [Worker-26] WARN  o.e.m.c.i.embedder.EclipseLogger - Using platform encoding (UTF-8 actually) to copy filtered resources, i.e. build is platform dependent!
2018-03-30 16:37:01,119 [Worker-26] INFO  o.e.m.c.i.embedder.EclipseLogger - skip non existing resourceDirectory /Users/gim-yejin/Desktop/project/LBSserver/LBSserver/src/test/resources
2018-03-30 16:37:27,188 [Worker-33] WARN  o.e.m.c.i.embedder.EclipseLogger - Using platform encoding (UTF-8 actually) to copy filtered resources, i.e. build is platform dependent!
2018-03-30 16:37:27,194 [Worker-33] INFO  o.e.m.c.i.embedder.EclipseLogger - skip non existing resourceDirectory /Users/gim-yejin/Desktop/project/LBSserver/LBSserver/src/main/resources
2018-03-30 16:37:27,196 [Worker-33] WARN  o.e.m.c.i.embedder.EclipseLogger - Using platform encoding (UTF-8 actually) to copy filtered resources, i.e. build is platform dependent!
2018-03-30 16:37:27,197 [Worker-33] INFO  o.e.m.c.i.embedder.EclipseLogger - skip non existing resourceDirectory /Users/gim-yejin/Desktop/project/LBSserver/LBSserver/src/test/resources
2018-03-30 16:48:21,554 [Worker-33] WARN  o.e.m.c.i.embedder.EclipseLogger - Using platform encoding (UTF-8 actually) to copy filtered resources, i.e. build is platform dependent!
2018-03-30 16:48:21,558 [Worker-33] INFO  o.e.m.c.i.embedder.EclipseLogger - skip non existing resourceDirectory /Users/gim-yejin/Desktop/project/LBSserver/LBSserver/src/main/resources
2018-03-30 16:48:21,560 [Worker-33] WARN  o.e.m.c.i.embedder.EclipseLogger - Using platform encoding (UTF-8 actually) to copy filtered resources, i.e. build is platform dependent!
2018-03-30 16:48:21,560 [Worker-33] INFO  o.e.m.c.i.embedder.EclipseLogger - skip non existing resourceDirectory /Users/gim-yejin/Desktop/project/LBSserver/LBSserver/src/test/resources
2018-03-30 16:51:26,572 [Worker-31] WARN  o.e.m.c.i.embedder.EclipseLogger - Using platform encoding (UTF-8 actually) to copy filtered resources, i.e. build is platform dependent!
2018-03-30 16:51:26,577 [Worker-31] INFO  o.e.m.c.i.embedder.EclipseLogger - skip non existing resourceDirectory /Users/gim-yejin/Desktop/project/LBSserver/LBSserver/src/main/resources
2018-03-30 16:51:26,579 [Worker-31] WARN  o.e.m.c.i.embedder.EclipseLogger - Using platform encoding (UTF-8 actually) to copy filtered resources, i.e. build is platform dependent!
2018-03-30 16:51:26,580 [Worker-31] INFO  o.e.m.c.i.embedder.EclipseLogger - skip non existing resourceDirectory /Users/gim-yejin/Desktop/project/LBSserver/LBSserver/src/test/resources
2018-03-30 16:55:24,911 [Worker-26] WARN  o.e.m.c.i.embedder.EclipseLogger - Using platform encoding (UTF-8 actually) to copy filtered resources, i.e. build is platform dependent!
2018-03-30 16:55:24,916 [Worker-26] INFO  o.e.m.c.i.embedder.EclipseLogger - skip non existing resourceDirectory /Users/gim-yejin/Desktop/project/LBSserver/LBSserver/src/main/resources
2018-03-30 16:55:24,919 [Worker-26] WARN  o.e.m.c.i.embedder.EclipseLogger - Using platform encoding (UTF-8 actually) to copy filtered resources, i.e. build is platform dependent!
2018-03-30 16:55:24,920 [Worker-26] INFO  o.e.m.c.i.embedder.EclipseLogger - skip non existing resourceDirectory /Users/gim-yejin/Desktop/project/LBSserver/LBSserver/src/test/resources
2018-03-30 16:57:03,059 [Worker-24] WARN  o.e.m.c.i.embedder.EclipseLogger - Using platform encoding (UTF-8 actually) to copy filtered resources, i.e. build is platform dependent!
2018-03-30 16:57:03,060 [Worker-24] INFO  o.e.m.c.i.embedder.EclipseLogger - skip non existing resourceDirectory /Users/gim-yejin/Desktop/project/LBSserver/LBSserver/src/main/resources
2018-03-30 16:57:03,061 [Worker-24] WARN  o.e.m.c.i.embedder.EclipseLogger - Using platform encoding (UTF-8 actually) to copy filtered resources, i.e. build is platform dependent!
2018-03-30 16:57:03,061 [Worker-24] INFO  o.e.m.c.i.embedder.EclipseLogger - skip non existing resourceDirectory /Users/gim-yejin/Desktop/project/LBSserver/LBSserver/src/test/resources
2018-03-30 16:59:29,407 [Worker-34] WARN  o.e.m.c.i.embedder.EclipseLogger - Using platform encoding (UTF-8 actually) to copy filtered resources, i.e. build is platform dependent!
2018-03-30 16:59:29,408 [Worker-34] INFO  o.e.m.c.i.embedder.EclipseLogger - skip non existing resourceDirectory /Users/gim-yejin/Desktop/project/LBSserver/LBSserver/src/main/resources
2018-03-30 16:59:29,409 [Worker-34] WARN  o.e.m.c.i.embedder.EclipseLogger - Using platform encoding (UTF-8 actually) to copy filtered resources, i.e. build is platform dependent!
2018-03-30 16:59:29,410 [Worker-34] INFO  o.e.m.c.i.embedder.EclipseLogger - skip non existing resourceDirectory /Users/gim-yejin/Desktop/project/LBSserver/LBSserver/src/test/resources
2018-03-30 16:59:42,370 [Worker-32] WARN  o.e.m.c.i.embedder.EclipseLogger - Using platform encoding (UTF-8 actually) to copy filtered resources, i.e. build is platform dependent!
2018-03-30 16:59:42,371 [Worker-32] INFO  o.e.m.c.i.embedder.EclipseLogger - skip non existing resourceDirectory /Users/gim-yejin/Desktop/project/LBSserver/LBSserver/src/main/resources
2018-03-30 16:59:42,373 [Worker-32] WARN  o.e.m.c.i.embedder.EclipseLogger - Using platform encoding (UTF-8 actually) to copy filtered resources, i.e. build is platform dependent!
2018-03-30 16:59:42,373 [Worker-32] INFO  o.e.m.c.i.embedder.EclipseLogger - skip non existing resourceDirectory /Users/gim-yejin/Desktop/project/LBSserver/LBSserver/src/test/resources
2018-03-30 17:00:20,699 [Worker-34] WARN  o.e.m.c.i.embedder.EclipseLogger - Using platform encoding (UTF-8 actually) to copy filtered resources, i.e. build is platform dependent!
2018-03-30 17:00:20,700 [Worker-34] INFO  o.e.m.c.i.embedder.EclipseLogger - skip non existing resourceDirectory /Users/gim-yejin/Desktop/project/LBSserver/LBSserver/src/main/resources
2018-03-30 17:00:20,701 [Worker-34] WARN  o.e.m.c.i.embedder.EclipseLogger - Using platform encoding (UTF-8 actually) to copy filtered resources, i.e. build is platform dependent!
2018-03-30 17:00:20,702 [Worker-34] INFO  o.e.m.c.i.embedder.EclipseLogger - skip non existing resourceDirectory /Users/gim-yejin/Desktop/project/LBSserver/LBSserver/src/test/resources
2018-03-30 17:05:05,767 [Worker-24] INFO  o.e.m.c.i.e.AbstractTransferListenerAdapter - Downloading https://repo.maven.apache.org/maven2/org/eclipse/paho/org.eclipse.paho.client.mqttv3/1.2.0/org.eclipse.paho.client.mqttv3-1.2.0-sources.jar
2018-03-30 17:05:06,693 [Worker-24] INFO  o.e.m.c.i.e.AbstractTransferListenerAdapter - Downloaded https://repo.maven.apache.org/maven2/org/eclipse/paho/org.eclipse.paho.client.mqttv3/1.2.0/org.eclipse.paho.client.mqttv3-1.2.0-sources.jar
2018-03-30 17:05:06,740 [Worker-24] INFO  o.e.m.j.internal.DownloadSourcesJob - Downloaded sources for org.eclipse.paho:org.eclipse.paho.client.mqttv3:1.2.0
2018-03-30 17:05:06,893 [Worker-34] WARN  o.e.m.c.i.embedder.EclipseLogger - Using platform encoding (UTF-8 actually) to copy filtered resources, i.e. build is platform dependent!
2018-03-30 17:05:06,896 [Worker-34] INFO  o.e.m.c.i.embedder.EclipseLogger - skip non existing resourceDirectory /Users/gim-yejin/Desktop/project/LBSserver/LBSserver/src/main/resources
2018-03-30 17:05:06,898 [Worker-34] WARN  o.e.m.c.i.embedder.EclipseLogger - Using platform encoding (UTF-8 actually) to copy filtered resources, i.e. build is platform dependent!
2018-03-30 17:05:06,898 [Worker-34] INFO  o.e.m.c.i.embedder.EclipseLogger - skip non existing resourceDirectory /Users/gim-yejin/Desktop/project/LBSserver/LBSserver/src/test/resources
2018-03-30 17:06:19,966 [Worker-31] WARN  o.e.m.c.i.embedder.EclipseLogger - Using platform encoding (UTF-8 actually) to copy filtered resources, i.e. build is platform dependent!
2018-03-30 17:06:19,966 [Worker-31] INFO  o.e.m.c.i.embedder.EclipseLogger - skip non existing resourceDirectory /Users/gim-yejin/Desktop/project/LBSserver/LBSserver/src/main/resources
2018-03-30 17:06:19,968 [Worker-31] WARN  o.e.m.c.i.embedder.EclipseLogger - Using platform encoding (UTF-8 actually) to copy filtered resources, i.e. build is platform dependent!
2018-03-30 17:06:19,968 [Worker-31] INFO  o.e.m.c.i.embedder.EclipseLogger - skip non existing resourceDirectory /Users/gim-yejin/Desktop/project/LBSserver/LBSserver/src/test/resources
2018-03-30 17:10:41,955 [Worker-35] WARN  o.e.m.c.i.embedder.EclipseLogger - Using platform encoding (UTF-8 actually) to copy filtered resources, i.e. build is platform dependent!
2018-03-30 17:10:41,955 [Worker-35] INFO  o.e.m.c.i.embedder.EclipseLogger - skip non existing resourceDirectory /Users/gim-yejin/Desktop/project/LBSserver/LBSserver/src/main/resources
2018-03-30 17:10:41,958 [Worker-35] WARN  o.e.m.c.i.embedder.EclipseLogger - Using platform encoding (UTF-8 actually) to copy filtered resources, i.e. build is platform dependent!
2018-03-30 17:10:41,959 [Worker-35] INFO  o.e.m.c.i.embedder.EclipseLogger - skip non existing resourceDirectory /Users/gim-yejin/Desktop/project/LBSserver/LBSserver/src/test/resources
2018-03-30 17:24:10,085 [Worker-32] WARN  o.e.m.c.i.embedder.EclipseLogger - Using platform encoding (UTF-8 actually) to copy filtered resources, i.e. build is platform dependent!
2018-03-30 17:24:10,090 [Worker-32] INFO  o.e.m.c.i.embedder.EclipseLogger - skip non existing resourceDirectory /Users/gim-yejin/Desktop/project/LBSserver/LBSserver/src/main/resources
2018-03-30 17:24:10,095 [Worker-32] WARN  o.e.m.c.i.embedder.EclipseLogger - Using platform encoding (UTF-8 actually) to copy filtered resources, i.e. build is platform dependent!
2018-03-30 17:24:10,096 [Worker-32] INFO  o.e.m.c.i.embedder.EclipseLogger - skip non existing resourceDirectory /Users/gim-yejin/Desktop/project/LBSserver/LBSserver/src/test/resources
